<?xml version="1.0" encoding="UTF-8"?>
<testsuite xmlns:xsi="http://www.w3.org/2001/XMLSchema-instance" xsi:noNamespaceSchemaLocation="https://maven.apache.org/surefire/maven-surefire-plugin/xsd/surefire-test-report.xsd" name="com.xinshuo.treehole.TreeholeApplicationTests" time="8.294" tests="6" errors="0" skipped="0" failures="0">
  <properties>
[...]
</properties>
  <testcase name="testGetUsers" classname="com.xinshuo.treehole.TreeholeApplicationTests" time="0.729"/>
  <testcase name="testIsUserLikedThisQuestion" classname="com.xinshuo.treehole.TreeholeApplicationTests" time="0.089"/>
  <testcase name="testGetAnswerByQuestionID" classname="com.xinshuo.treehole.TreeholeApplicationTests" time="0.009"/>
  <testcase name="testGetAnswerByAnswerID" classname="com.xinshuo.treehole.TreeholeApplicationTests" time="0.01"/>
  <testcase name="contextLoads" classname="com.xinshuo.treehole.TreeholeApplicationTests" time="0.044"/>
  <testcase name="testGetUserByID" classname="com.xinshuo.treehole.TreeholeApplicationTests" time="0.015"/>
</testsuite>